[debug] [2020-12-24T13:26:02.245Z] ----------------------------------------------------------------------
[debug] [2020-12-24T13:26:02.247Z] Command:       C:\work\lidor\node.exe C:\Users\User\AppData\Roaming\npm\node_modules\firebase-tools\lib\bin\firebase.js init
[debug] [2020-12-24T13:26:02.247Z] CLI Version:   8.10.0
[debug] [2020-12-24T13:26:02.247Z] Platform:      win32
[debug] [2020-12-24T13:26:02.247Z] Node Version:  v14.11.0
[debug] [2020-12-24T13:26:02.249Z] Time:          Thu Dec 24 2020 15:26:02 GMT+0200 (שעון ישראל (חורף))
[debug] [2020-12-24T13:26:02.249Z] ----------------------------------------------------------------------
[debug] [2020-12-24T13:26:02.249Z] 
[debug] [2020-12-24T13:26:02.255Z] > command requires scopes: ["email","openid","https://www.googleapis.com/auth/cloudplatformprojects.readonly","https://www.googleapis.com/auth/firebase","https://www.googleapis.com/auth/cloud-platform"]
[debug] [2020-12-24T13:26:02.256Z] > authorizing via signed-in user
[info] 
     ######## #### ########  ######## ########     ###     ######  ########
     ##        ##  ##     ## ##       ##     ##  ##   ##  ##       ##
     ######    ##  ########  ######   ########  #########  ######  ######
     ##        ##  ##    ##  ##       ##     ## ##     ##       ## ##
     ##       #### ##     ## ######## ########  ##     ##  ######  ########

You're about to initialize a Firebase project in this directory:

  C:\work\lidor\javaScript\my-project\roi-nadlan1

Before we get started, keep in mind:

  * You are currently outside your home directory
  * You are initializing in an existing Firebase project directory

